    ____  ____
   /   /\/   /
  /___/  \  /    VENDOR      : Xilinx Inc.
  \   \   \/     VERSION     : 14.5 (P.58f)
   \   \         APPLICATION : E:\xilinxISE\14.5\ISE_DS\ISE\bin\nt64\unwrapped\compxlib.exe
   /   /         CONTENTS    : Compilation Log
  /___/   /\     FILENAME    : compxlib.log
  \   \  /  \    
   \___\/\___\

Release 14.5 - E:\xilinxISE\14.5\ISE_DS\ISE\bin\nt64\unwrapped\compxlib.exe 14.5 (nt64)
Copyright (c) 1995-2012 Xilinx, Inc.  All rights reserved.

Processing command line ...
Library Source Paths => 'E:/xilinxISE/14.5/ISE_DS/ISE'
Current Working Directory => 'C:\Users\Admin\Documents\GitHub\BitRush\sha256vhdl\sha256'
Compilation Mode = FAST
Execute Mode = ON
Scheduling library installation & compilation for architectures: spartan3e

Scheduling library installation & compilation for libraries: simprim unisim xilinxcorelib edk

Signature:-
------------------------------------------------------------------------------
E:\xilinxISE\14.5\ISE_DS\ISE\bin\nt64\unwrapped\compxlib.exe -s mti_se -l vhdl -p E:/modelsim/win32pe_edu -arch spartan3e -lib unisim -lib simprim -lib xilinxcorelib -lib edk -exclude_superseded -intstyle ise 
------------------------------------------------------------------------------
ERROR:Compxlib - COMPXLIB[sim]: Unable to automatically find executables for simulator 'mti_se' from the following paths:
    E:/modelsim/win32pe_edu
   E:\xilinxISE\14.5\ISE_DS\ISE\\lib\nt64
   E:\xilinxISE\14.5\ISE_DS\ISE\\bin\nt64
   E:\xilinxISE\14.5\ISE_DS\ISE\bin\nt64
   E:\xilinxISE\14.5\ISE_DS\ISE\lib\nt64
   E:\xilinxISE\14.5\ISE_DS\ISE\..\..\..\DocNav
   E:\xilinxISE\14.5\ISE_DS\PlanAhead\bin
   E:\xilinxISE\14.5\ISE_DS\EDK\bin\nt64
   E:\xilinxISE\14.5\ISE_DS\EDK\lib\nt64
   E:\xilinxISE\14.5\ISE_DS\EDK\gnu\microblaze\nt64\bin
   E:\xilinxISE\14.5\ISE_DS\EDK\gnu\powerpc-eabi\nt64\bin
   E:\xilinxISE\14.5\ISE_DS\EDK\gnuwin\bin
   E:\xilinxISE\14.5\ISE_DS\EDK\gnu\arm\nt\bin
   E:\xilinxISE\14.5\ISE_DS\EDK\gnu\microblaze\linux_toolchain\nt64_be\bin
   E:\xilinxISE\14.5\ISE_DS\EDK\gnu\microblaze\linux_toolchain\nt64_le\bin
   E:\xilinxISE\14.5\ISE_DS\common\bin\nt64
   E:\xilinxISE\14.5\ISE_DS\common\lib\nt64
   C:\Program Files (x86)\NVIDIA Corporation\PhysX\Common
   C:\Program Files\Common Files\Microsoft Shared\Windows Live
   C:\Program Files (x86)\Common Files\Microsoft Shared\Windows Live
   C:\Windows\system32
   C:\Windows
   C:\Windows\System32\Wbem
   C:\Windows\System32\WindowsPowerShell\v1.0\
   C:\Program Files\MATLAB\R2010a\runtime\win64
   C:\Program Files\MATLAB\R2010a\bin
   C:\Program Files (x86)\Windows Live\Shared
   C:\Program Files (x86)\Autodesk\Backburner\
   C:\Program Files\Common Files\Autodesk Shared\
   C:\Program Files\Java\jdk1.7.0_11\bin
   e:\modelsim\win32pe_edu.
Simulator 'mti_se' is ignored.
